0 info it worked if it ends with ok
1 verbose cli [ '/Users/Seb/.nvm/versions/node/v5.0.0/bin/node',
1 verbose cli   '/Users/Seb/.nvm/versions/node/v5.0.0/bin/npm',
1 verbose cli   'start' ]
2 info using npm@3.3.6
3 info using node@v5.0.0
4 verbose run-script [ 'prestart', 'start', 'poststart' ]
5 info lifecycle node-websocket-example@1.0.0~prestart: node-websocket-example@1.0.0
6 silly lifecycle node-websocket-example@1.0.0~prestart: no script for prestart, continuing
7 info lifecycle node-websocket-example@1.0.0~start: node-websocket-example@1.0.0
8 verbose lifecycle node-websocket-example@1.0.0~start: unsafe-perm in lifecycle true
9 verbose lifecycle node-websocket-example@1.0.0~start: PATH: /Users/Seb/.nvm/versions/node/v5.0.0/lib/node_modules/npm/bin/node-gyp-bin:/Users/Seb/Sites/auction/node_modules/.bin:/Library/Frameworks/Python.framework/Versions/3.5/bin:/Users/Seb/.nvm/versions/node/v5.0.0/bin:/Users/Seb/.rvm/gems/ruby-2.2.1/bin:/Users/Seb/.rvm/gems/ruby-2.2.1@global/bin:/Users/Seb/.rvm/rubies/ruby-2.2.1/bin:/Applications/Postgres.app/Contents/Versions/9.4/bin:/usr/local/mysql/bin:/usr/local/bin:/usr/bin:/bin:/usr/sbin:/sbin:/opt/X11/bin:/usr/local/git/bin:/usr/local/MacGPG2/bin:/usr/local/mysql/bin:/usr/local/bin:/usr/bin:/bin:/usr/sbin:/sbin:/opt/X11/bin:/usr/local/git/bin:/usr/local/MacGPG2/bin:/Users/Seb/.rvm/bin
10 verbose lifecycle node-websocket-example@1.0.0~start: CWD: /Users/Seb/Sites/auction
11 silly lifecycle node-websocket-example@1.0.0~start: Args: [ '-c', 'node index.js' ]
12 silly lifecycle node-websocket-example@1.0.0~start: Returned: code: 1  signal: null
13 info lifecycle node-websocket-example@1.0.0~start: Failed to exec start script
14 verbose stack Error: node-websocket-example@1.0.0 start: `node index.js`
14 verbose stack Exit status 1
14 verbose stack     at EventEmitter.<anonymous> (/Users/Seb/.nvm/versions/node/v5.0.0/lib/node_modules/npm/lib/utils/lifecycle.js:233:16)
14 verbose stack     at emitTwo (events.js:87:13)
14 verbose stack     at EventEmitter.emit (events.js:172:7)
14 verbose stack     at ChildProcess.<anonymous> (/Users/Seb/.nvm/versions/node/v5.0.0/lib/node_modules/npm/lib/utils/spawn.js:24:14)
14 verbose stack     at emitTwo (events.js:87:13)
14 verbose stack     at ChildProcess.emit (events.js:172:7)
14 verbose stack     at maybeClose (internal/child_process.js:818:16)
14 verbose stack     at Process.ChildProcess._handle.onexit (internal/child_process.js:211:5)
15 verbose pkgid node-websocket-example@1.0.0
16 verbose cwd /Users/Seb/Sites/auction
17 error Darwin 15.4.0
18 error argv "/Users/Seb/.nvm/versions/node/v5.0.0/bin/node" "/Users/Seb/.nvm/versions/node/v5.0.0/bin/npm" "start"
19 error node v5.0.0
20 error npm  v3.3.6
21 error code ELIFECYCLE
22 error node-websocket-example@1.0.0 start: `node index.js`
22 error Exit status 1
23 error Failed at the node-websocket-example@1.0.0 start script 'node index.js'.
23 error This is most likely a problem with the node-websocket-example package,
23 error not with npm itself.
23 error Tell the author that this fails on your system:
23 error     node index.js
23 error You can get their info via:
23 error     npm owner ls node-websocket-example
23 error There is likely additional logging output above.
24 verbose exit [ 1, true ]
